Internal Server Error: /lagou/about/
Traceback (most recent call last):
  File "C:\Python27\lib\site-packages\django-1.10.2-py2.7.egg\django\core\handlers\exception.py", line 39, in inner
    response = get_response(request)
  File "C:\Python27\lib\site-packages\django-1.10.2-py2.7.egg\django\core\handlers\base.py", line 187, in _get_response
    response = self.process_exception_by_middleware(e, request)
  File "C:\Python27\lib\site-packages\django-1.10.2-py2.7.egg\django\core\handlers\base.py", line 185, in _get_response
    response = wrapped_callback(request, *callback_args, **callback_kwargs)
  File "E:\djangos\lagouwang\lagou\views.py", line 122, in about
    return render(request,'about.html',locals())
  File "C:\Python27\lib\site-packages\django-1.10.2-py2.7.egg\django\shortcuts.py", line 30, in render
    content = loader.render_to_string(template_name, context, request, using=using)
  File "C:\Python27\lib\site-packages\django-1.10.2-py2.7.egg\django\template\loader.py", line 67, in render_to_string
    template = get_template(template_name, using=using)
  File "C:\Python27\lib\site-packages\django-1.10.2-py2.7.egg\django\template\loader.py", line 21, in get_template
    return engine.get_template(template_name)
  File "C:\Python27\lib\site-packages\django-1.10.2-py2.7.egg\django\template\backends\django.py", line 39, in get_template
    return Template(self.engine.get_template(template_name), self)
  File "C:\Python27\lib\site-packages\django-1.10.2-py2.7.egg\django\template\engine.py", line 160, in get_template
    template, origin = self.find_template(template_name)
  File "C:\Python27\lib\site-packages\django-1.10.2-py2.7.egg\django\template\engine.py", line 134, in find_template
    name, template_dirs=dirs, skip=skip,
  File "C:\Python27\lib\site-packages\django-1.10.2-py2.7.egg\django\template\loaders\base.py", line 44, in get_template
    contents, origin, origin.template_name, self.engine,
  File "C:\Python27\lib\site-packages\django-1.10.2-py2.7.egg\django\template\base.py", line 191, in __init__
    self.nodelist = self.compile_nodelist()
  File "C:\Python27\lib\site-packages\django-1.10.2-py2.7.egg\django\template\base.py", line 233, in compile_nodelist
    return parser.parse()
  File "C:\Python27\lib\site-packages\django-1.10.2-py2.7.egg\django\template\base.py", line 518, in parse
    raise self.error(token, e)
TemplateSyntaxError: Could not parse the remainder: '('static',filename='process.svg')' from 'url_for('static',filename='process.svg')'
"GET /lagou/about/ HTTP/1.1" 500 123607
Internal Server Error: /lagou/about/
Traceback (most recent call last):
  File "C:\Python27\lib\site-packages\django-1.10.2-py2.7.egg\django\core\handlers\exception.py", line 39, in inner
    response = get_response(request)
  File "C:\Python27\lib\site-packages\django-1.10.2-py2.7.egg\django\core\handlers\base.py", line 187, in _get_response
    response = self.process_exception_by_middleware(e, request)
  File "C:\Python27\lib\site-packages\django-1.10.2-py2.7.egg\django\core\handlers\base.py", line 185, in _get_response
    response = wrapped_callback(request, *callback_args, **callback_kwargs)
  File "E:\djangos\lagouwang\lagou\views.py", line 122, in about
    return render(request,'about.html',locals())
  File "C:\Python27\lib\site-packages\django-1.10.2-py2.7.egg\django\shortcuts.py", line 30, in render
    content = loader.render_to_string(template_name, context, request, using=using)
  File "C:\Python27\lib\site-packages\django-1.10.2-py2.7.egg\django\template\loader.py", line 67, in render_to_string
    template = get_template(template_name, using=using)
  File "C:\Python27\lib\site-packages\django-1.10.2-py2.7.egg\django\template\loader.py", line 21, in get_template
    return engine.get_template(template_name)
  File "C:\Python27\lib\site-packages\django-1.10.2-py2.7.egg\django\template\backends\django.py", line 39, in get_template
    return Template(self.engine.get_template(template_name), self)
  File "C:\Python27\lib\site-packages\django-1.10.2-py2.7.egg\django\template\engine.py", line 160, in get_template
    template, origin = self.find_template(template_name)
  File "C:\Python27\lib\site-packages\django-1.10.2-py2.7.egg\django\template\engine.py", line 134, in find_template
    name, template_dirs=dirs, skip=skip,
  File "C:\Python27\lib\site-packages\django-1.10.2-py2.7.egg\django\template\loaders\base.py", line 44, in get_template
    contents, origin, origin.template_name, self.engine,
  File "C:\Python27\lib\site-packages\django-1.10.2-py2.7.egg\django\template\base.py", line 191, in __init__
    self.nodelist = self.compile_nodelist()
  File "C:\Python27\lib\site-packages\django-1.10.2-py2.7.egg\django\template\base.py", line 233, in compile_nodelist
    return parser.parse()
  File "C:\Python27\lib\site-packages\django-1.10.2-py2.7.egg\django\template\base.py", line 518, in parse
    raise self.error(token, e)
TemplateSyntaxError: Could not parse the remainder: '('static',filename='images/process.svg')' from 'url_for('static',filename='images/process.svg')'
"GET /lagou/about/ HTTP/1.1" 500 123761
